TN:
SF:src\common\AppError.ts
FN:3,(anonymous_0)
FNF:1
FNH:1
FNDA:8,(anonymous_0)
DA:1,3
DA:4,8
DA:5,8
LF:3
LH:3
BRF:0
BRH:0
end_of_record
TN:
SF:src\modules\auth\AuthController.ts
FN:6,(anonymous_0)
FN:8,(anonymous_1)
FN:15,(anonymous_2)
FNF:3
FNH:3
FNDA:2,(anonymous_0)
FNDA:1,(anonymous_1)
FNDA:1,(anonymous_2)
DA:6,2
DA:9,1
DA:11,1
DA:12,1
DA:16,1
DA:17,1
DA:18,1
DA:22,1
LF:8
LH:8
BRF:0
BRH:0
end_of_record
TN:
SF:src\modules\auth\AuthService.ts
FN:10,(anonymous_1)
FN:12,(anonymous_2)
FN:26,(anonymous_3)
FNF:3
FNH:3
FNDA:5,(anonymous_1)
FNDA:2,(anonymous_2)
FNDA:3,(anonymous_3)
DA:1,1
DA:4,1
DA:6,1
DA:7,1
DA:10,5
DA:13,2
DA:14,2
DA:15,1
DA:17,1
DA:18,1
DA:23,1
DA:24,1
DA:27,3
DA:28,3
DA:29,1
DA:31,2
DA:35,2
DA:36,1
DA:39,1
DA:46,1
DA:55,1
LF:21
LH:21
BRDA:14,0,0,1
BRDA:14,0,1,1
BRDA:28,1,0,1
BRDA:28,1,1,2
BRDA:35,2,0,1
BRDA:35,2,1,1
BRF:6
BRH:6
end_of_record
TN:
SF:src\modules\auth\__tests__\factories\makeUser.factory.ts
FNF:0
FNH:0
DA:4,1
DA:10,1
LF:2
LH:2
BRF:0
BRH:0
end_of_record
TN:
SF:src\modules\products\ProductController.ts
FN:7,(anonymous_0)
FN:9,(anonymous_1)
FN:18,(anonymous_2)
FN:31,(anonymous_3)
FN:36,(anonymous_4)
FNF:5
FNH:5
FNDA:7,(anonymous_0)
FNDA:2,(anonymous_1)
FNDA:3,(anonymous_2)
FNDA:1,(anonymous_3)
FNDA:1,(anonymous_4)
DA:4,1
DA:7,7
DA:10,2
DA:11,2
DA:12,1
DA:14,1
DA:15,1
DA:16,1
DA:19,3
DA:20,3
DA:21,3
DA:22,1
DA:24,2
DA:25,1
DA:27,1
DA:28,1
DA:29,1
DA:32,1
DA:33,1
DA:34,1
DA:37,1
DA:38,1
DA:42,1
LF:23
LH:23
BRDA:11,0,0,1
BRDA:11,0,1,1
BRDA:21,1,0,1
BRDA:21,1,1,2
BRDA:24,2,0,1
BRDA:24,2,1,1
BRF:6
BRH:6
end_of_record
TN:
SF:src\modules\products\ProductService.ts
FN:7,(anonymous_0)
FN:12,(anonymous_1)
FN:22,(anonymous_2)
FN:30,(anonymous_3)
FN:35,(anonymous_4)
FNF:5
FNH:5
FNDA:6,(anonymous_0)
FNDA:2,(anonymous_1)
FNDA:2,(anonymous_2)
FNDA:1,(anonymous_3)
FNDA:1,(anonymous_4)
DA:4,1
DA:8,6
DA:9,6
DA:13,2
DA:14,2
DA:15,1
DA:18,1
DA:19,1
DA:23,2
DA:24,2
DA:25,1
DA:27,1
DA:28,1
DA:31,1
DA:33,1
DA:36,1
DA:37,1
DA:41,1
LF:18
LH:18
BRDA:14,0,0,1
BRDA:14,0,1,1
BRDA:24,1,0,1
BRDA:24,1,1,1
BRF:4
BRH:4
end_of_record
TN:
SF:src\modules\products\__tests__\factories\makeProduct.factory.ts
FNF:0
FNH:0
DA:2,1
DA:5,1
DA:11,1
DA:21,1
DA:28,1
LF:5
LH:5
BRF:0
BRH:0
end_of_record
TN:
SF:src\schemas\env.schema.ts
FNF:0
FNH:0
DA:1,1
DA:3,1
DA:9,1
LF:3
LH:3
BRF:0
BRH:0
end_of_record
